<?xml version="1.0" encoding="UTF-8"?>
<robot generator="Robot 6.1.1 (Python 3.12.1 on win32)" generated="20240107 12:42:18.649" rpa="false" schemaversion="4">
<suite id="s1" name="bookSuite" source="C:\Users\Mohan\sanbercode-52-mobile\suites\bookSuite.robot">
<test id="s1-t1" name="Failed Book Flight with Blank Date" line="26">
<kw name="Run Keywords" library="BuiltIn" type="SETUP">
<arg>Open Flight Application</arg>
<arg>Login With Valid Credentials</arg>
<doc>Executes all the given keywords in a sequence.</doc>
<kw name="Open Flight Application" library="base">
<kw name="Open Application" library="AppiumLibrary">
<arg>remote_url=${REMOTE_URL}</arg>
<arg>platformName=${PLATFORM_NAME}</arg>
<arg>platformVersion=${PLATFORM_VERSION}</arg>
<arg>deviceName=${DEVICE_NAME}</arg>
<arg>appPackage=${APP_PACKAGE}</arg>
<arg>appActivity=${APP_ACTIVITY}</arg>
<doc>Opens a new application to given Appium server.
Capabilities of appium server, Android and iOS,
Please check https://github.com/appium/appium/blob/master/docs/en/writing-running-appium/server-args.md
| *Option*            | *Man.* | *Description*     |
| remote_url          | Yes    | Appium server url |
| alias               | no     | alias             |
| strict_ssl          | No     | allows you to send commands to an invalid certificate host like a self-signed one. |</doc>
<status status="PASS" starttime="20240107 12:42:19.702" endtime="20240107 12:42:34.976"/>
</kw>
<status status="PASS" starttime="20240107 12:42:19.702" endtime="20240107 12:42:34.977"/>
</kw>
<kw name="Login With Valid Credentials" library="loginPage">
<kw name="Verify Home Page Appears" library="homePage">
<kw name="Wait Until Element Is Visible" library="AppiumLibrary">
<arg>${Logo_homePage}</arg>
<doc>Waits until element specified with `locator` is visible.</doc>
<msg timestamp="20240107 12:42:36.105" level="INFO">xpath criteria: //android.widget.ImageView[@resource-id="com.example.myapplication:id/imageView4"]</msg>
<status status="PASS" starttime="20240107 12:42:34.978" endtime="20240107 12:42:36.105"/>
</kw>
<status status="PASS" starttime="20240107 12:42:34.977" endtime="20240107 12:42:36.105"/>
</kw>
<kw name="Click Sign In Button On Home Page" library="homePage">
<kw name="Wait Until Element Is Visible" library="AppiumLibrary">
<arg>${signIn_button_homePage}</arg>
<doc>Waits until element specified with `locator` is visible.</doc>
<msg timestamp="20240107 12:42:36.325" level="INFO">xpath criteria: //android.widget.Button[@resource-id="com.example.myapplication:id/login"]</msg>
<status status="PASS" starttime="20240107 12:42:36.106" endtime="20240107 12:42:36.325"/>
</kw>
<kw name="Click Element" library="AppiumLibrary">
<arg>${signIn_button_homePage}</arg>
<doc>Click element identified by `locator`.</doc>
<msg timestamp="20240107 12:42:36.331" level="INFO">Clicking element '//android.widget.Button[@resource-id="com.example.myapplication:id/login"]'.</msg>
<msg timestamp="20240107 12:42:36.618" level="INFO">xpath criteria: //android.widget.Button[@resource-id="com.example.myapplication:id/login"]</msg>
<status status="PASS" starttime="20240107 12:42:36.325" endtime="20240107 12:42:36.618"/>
</kw>
<status status="PASS" starttime="20240107 12:42:36.105" endtime="20240107 12:42:36.618"/>
</kw>
<kw name="Verify Login Appears" library="loginPage">
<kw name="Wait Until Element Is Visible" library="AppiumLibrary">
<arg>${email_input_user}</arg>
<doc>Waits until element specified with `locator` is visible.</doc>
<msg timestamp="20240107 12:42:37.676" level="INFO">xpath criteria: //android.widget.EditText[@resource-id="com.example.myapplication:id/username"]
xpath criteria: //android.widget.EditText[@resource-id="com.example.myapplication:id/username"]</msg>
<status status="PASS" starttime="20240107 12:42:36.619" endtime="20240107 12:42:37.676"/>
</kw>
<kw name="Wait Until Element Is Visible" library="AppiumLibrary">
<arg>${password_input_loginPage}</arg>
<doc>Waits until element specified with `locator` is visible.</doc>
<msg timestamp="20240107 12:42:37.858" level="INFO">xpath criteria: //android.widget.EditText[@resource-id="com.example.myapplication:id/password"]</msg>
<status status="PASS" starttime="20240107 12:42:37.676" endtime="20240107 12:42:37.858"/>
</kw>
<kw name="Wait Until Element Is Visible" library="AppiumLibrary">
<arg>${signIn_button_loginPage}</arg>
<doc>Waits until element specified with `locator` is visible.</doc>
<msg timestamp="20240107 12:42:38.053" level="INFO">xpath criteria: //android.widget.Button[@resource-id="com.example.myapplication:id/signIn"]</msg>
<status status="PASS" starttime="20240107 12:42:37.859" endtime="20240107 12:42:38.053"/>
</kw>
<status status="PASS" starttime="20240107 12:42:36.619" endtime="20240107 12:42:38.054"/>
</kw>
<kw name="Input User Email On Login Page" library="loginPage">
<arg>${email}</arg>
<kw name="Input Text" library="AppiumLibrary">
<arg>${email_input_user}</arg>
<arg>${email}</arg>
<doc>Types the given `text` into text field identified by `locator`.</doc>
<msg timestamp="20240107 12:42:38.059" level="INFO">Typing text 'support@ngendigital.com' into text field '//android.widget.EditText[@resource-id="com.example.myapplication:id/username"]'</msg>
<msg timestamp="20240107 12:42:38.301" level="INFO">xpath criteria: //android.widget.EditText[@resource-id="com.example.myapplication:id/username"]</msg>
<status status="PASS" starttime="20240107 12:42:38.054" endtime="20240107 12:42:38.301"/>
</kw>
<status status="PASS" starttime="20240107 12:42:38.054" endtime="20240107 12:42:38.301"/>
</kw>
<kw name="Input User Password On Login Page" library="loginPage">
<arg>${password}</arg>
<kw name="Input Text" library="AppiumLibrary">
<arg>${password_input_loginPage}</arg>
<arg>${password}</arg>
<doc>Types the given `text` into text field identified by `locator`.</doc>
<msg timestamp="20240107 12:42:38.309" level="INFO">Typing text 'abc123' into text field '//android.widget.EditText[@resource-id="com.example.myapplication:id/password"]'</msg>
<msg timestamp="20240107 12:42:38.986" level="INFO">xpath criteria: //android.widget.EditText[@resource-id="com.example.myapplication:id/password"]</msg>
<status status="PASS" starttime="20240107 12:42:38.303" endtime="20240107 12:42:38.987"/>
</kw>
<status status="PASS" starttime="20240107 12:42:38.303" endtime="20240107 12:42:38.987"/>
</kw>
<kw name="Click Sign In Button On Login Page" library="loginPage">
<kw name="Click Element" library="AppiumLibrary">
<arg>${signIn_button_loginPage}</arg>
<doc>Click element identified by `locator`.</doc>
<msg timestamp="20240107 12:42:38.992" level="INFO">Clicking element '//android.widget.Button[@resource-id="com.example.myapplication:id/signIn"]'.</msg>
<msg timestamp="20240107 12:42:39.644" level="INFO">xpath criteria: //android.widget.Button[@resource-id="com.example.myapplication:id/signIn"]</msg>
<status status="PASS" starttime="20240107 12:42:38.987" endtime="20240107 12:42:39.644"/>
</kw>
<status status="PASS" starttime="20240107 12:42:38.987" endtime="20240107 12:42:39.644"/>
</kw>
<status status="PASS" starttime="20240107 12:42:34.977" endtime="20240107 12:42:39.644"/>
</kw>
<status status="PASS" starttime="20240107 12:42:19.701" endtime="20240107 12:42:39.644"/>
</kw>
<kw name="Click book Button On Home Page" library="homePage">
<kw name="Wait Until Element Is Visible" library="AppiumLibrary">
<arg>${signIn_button_homePage}</arg>
<doc>Waits until element specified with `locator` is visible.</doc>
<msg timestamp="20240107 12:42:40.680" level="INFO">xpath criteria: //android.widget.Button[@resource-id="com.example.myapplication:id/login"]</msg>
<status status="PASS" starttime="20240107 12:42:40.280" endtime="20240107 12:42:40.680"/>
</kw>
<kw name="Click Element" library="AppiumLibrary">
<arg>${book_button_homePage}</arg>
<doc>Click element identified by `locator`.</doc>
<msg timestamp="20240107 12:42:40.687" level="INFO">Clicking element '//android.widget.Button[@resource-id="com.example.myapplication:id/book"]'.</msg>
<msg timestamp="20240107 12:42:40.994" level="INFO">xpath criteria: //android.widget.Button[@resource-id="com.example.myapplication:id/book"]</msg>
<status status="PASS" starttime="20240107 12:42:40.680" endtime="20240107 12:42:40.994"/>
</kw>
<status status="PASS" starttime="20240107 12:42:40.279" endtime="20240107 12:42:40.995"/>
</kw>
<kw name="Select Tab One Way" library="bookPage">
<kw name="Wait Until Element Is Visible" library="AppiumLibrary">
<arg>${OneWay_choose}</arg>
<doc>Waits until element specified with `locator` is visible.</doc>
<msg timestamp="20240107 12:42:42.649" level="INFO">xpath criteria: //android.support.v7.app.ActionBar.Tab[@content-desc="One Way"]
xpath criteria: //android.support.v7.app.ActionBar.Tab[@content-desc="One Way"]</msg>
<status status="PASS" starttime="20240107 12:42:40.996" endtime="20240107 12:42:42.649"/>
</kw>
<kw name="Click Element" library="AppiumLibrary">
<arg>${OneWay_choose}</arg>
<doc>Click element identified by `locator`.</doc>
<msg timestamp="20240107 12:42:42.654" level="INFO">Clicking element '//android.support.v7.app.ActionBar.Tab[@content-desc="One Way"]'.</msg>
<msg timestamp="20240107 12:42:43.103" level="INFO">xpath criteria: //android.support.v7.app.ActionBar.Tab[@content-desc="One Way"]</msg>
<status status="PASS" starttime="20240107 12:42:42.649" endtime="20240107 12:42:43.103"/>
</kw>
<status status="PASS" starttime="20240107 12:42:40.995" endtime="20240107 12:42:43.103"/>
</kw>
<kw name="Select From City" library="bookPage">
<kw name="Click Element" library="AppiumLibrary">
<arg>${from_city_dropdown}</arg>
<doc>Click element identified by `locator`.</doc>
<msg timestamp="20240107 12:42:43.292" level="INFO">Clicking element '//android.widget.Spinner[@resource-id="com.example.myapplication:id/spinnerFrom"]'.</msg>
<msg timestamp="20240107 12:42:44.042" level="INFO">xpath criteria: //android.widget.Spinner[@resource-id="com.example.myapplication:id/spinnerFrom"]</msg>
<status status="PASS" starttime="20240107 12:42:43.288" endtime="20240107 12:42:44.042"/>
</kw>
<kw name="Wait Until Element Is Visible" library="AppiumLibrary">
<arg>${ListView}</arg>
<doc>Waits until element specified with `locator` is visible.</doc>
<msg timestamp="20240107 12:42:45.040" level="INFO">xpath criteria: //android.widget.ListView</msg>
<status status="PASS" starttime="20240107 12:42:44.042" endtime="20240107 12:42:45.042"/>
</kw>
<kw name="Click Element" library="AppiumLibrary">
<arg>${New_York}</arg>
<doc>Click element identified by `locator`.</doc>
<msg timestamp="20240107 12:42:45.046" level="INFO">Clicking element '//android.widget.TextView[@resource-id="android:id/text1" and @text="New York"]'.</msg>
<msg timestamp="20240107 12:42:45.954" level="INFO">xpath criteria: //android.widget.TextView[@resource-id="android:id/text1" and @text="New York"]</msg>
<status status="PASS" starttime="20240107 12:42:45.042" endtime="20240107 12:42:45.954"/>
</kw>
<status status="PASS" starttime="20240107 12:42:43.287" endtime="20240107 12:42:45.954"/>
</kw>
<kw name="Select To City" library="bookPage">
<kw name="Wait Until Element Is Visible" library="AppiumLibrary">
<arg>${to_city_dropdown}</arg>
<doc>Waits until element specified with `locator` is visible.</doc>
<msg timestamp="20240107 12:42:46.178" level="INFO">xpath criteria: //android.widget.Spinner[@resource-id="com.example.myapplication:id/spinnerTo"]</msg>
<status status="PASS" starttime="20240107 12:42:45.955" endtime="20240107 12:42:46.178"/>
</kw>
<kw name="Click Element" library="AppiumLibrary">
<arg>${to_city_dropdown}</arg>
<doc>Click element identified by `locator`.</doc>
<msg timestamp="20240107 12:42:46.184" level="INFO">Clicking element '//android.widget.Spinner[@resource-id="com.example.myapplication:id/spinnerTo"]'.</msg>
<msg timestamp="20240107 12:42:46.490" level="INFO">xpath criteria: //android.widget.Spinner[@resource-id="com.example.myapplication:id/spinnerTo"]</msg>
<status status="PASS" starttime="20240107 12:42:46.178" endtime="20240107 12:42:46.490"/>
</kw>
<kw name="Wait Until Element Is Visible" library="AppiumLibrary">
<arg>${ListView}</arg>
<doc>Waits until element specified with `locator` is visible.</doc>
<msg timestamp="20240107 12:42:47.532" level="INFO">xpath criteria: //android.widget.ListView</msg>
<status status="PASS" starttime="20240107 12:42:46.490" endtime="20240107 12:42:47.532"/>
</kw>
<kw name="Click Element" library="AppiumLibrary">
<arg>${London}</arg>
<doc>Click element identified by `locator`.</doc>
<msg timestamp="20240107 12:42:47.538" level="INFO">Clicking element '//android.widget.TextView[@resource-id="android:id/text1" and @text="London"]'.</msg>
<msg timestamp="20240107 12:42:48.368" level="INFO">xpath criteria: //android.widget.TextView[@resource-id="android:id/text1" and @text="London"]</msg>
<status status="PASS" starttime="20240107 12:42:47.532" endtime="20240107 12:42:48.368"/>
</kw>
<status status="PASS" starttime="20240107 12:42:45.955" endtime="20240107 12:42:48.368"/>
</kw>
<kw name="Select Class" library="bookPage">
<kw name="Click Element" library="AppiumLibrary">
<arg>${class_dropdown}</arg>
<doc>Click element identified by `locator`.</doc>
<msg timestamp="20240107 12:42:48.375" level="INFO">Clicking element '//android.widget.Spinner[@resource-id="com.example.myapplication:id/spinnerClass"]'.</msg>
<msg timestamp="20240107 12:42:48.653" level="INFO">xpath criteria: //android.widget.Spinner[@resource-id="com.example.myapplication:id/spinnerClass"]</msg>
<status status="PASS" starttime="20240107 12:42:48.369" endtime="20240107 12:42:48.653"/>
</kw>
<kw name="Wait Until Element Is Visible" library="AppiumLibrary">
<arg>${ListView}</arg>
<doc>Waits until element specified with `locator` is visible.</doc>
<msg timestamp="20240107 12:42:49.942" level="INFO">xpath criteria: //android.widget.ListView</msg>
<status status="PASS" starttime="20240107 12:42:48.654" endtime="20240107 12:42:49.942"/>
</kw>
<kw name="Click Element" library="AppiumLibrary">
<arg>${First}</arg>
<doc>Click element identified by `locator`.</doc>
<msg timestamp="20240107 12:42:49.947" level="INFO">Clicking element '//android.widget.TextView[@resource-id="android:id/text1" and @text="First"]'.</msg>
<msg timestamp="20240107 12:42:50.828" level="INFO">xpath criteria: //android.widget.TextView[@resource-id="android:id/text1" and @text="First"]</msg>
<status status="PASS" starttime="20240107 12:42:49.942" endtime="20240107 12:42:50.828"/>
</kw>
<status status="PASS" starttime="20240107 12:42:48.369" endtime="20240107 12:42:50.828"/>
</kw>
<kw name="Select Flight Type" library="bookPage">
<kw name="Click Element" library="AppiumLibrary">
<arg>${flight_radio_button}</arg>
<doc>Click element identified by `locator`.</doc>
<msg timestamp="20240107 12:42:50.835" level="INFO">Clicking element '//android.widget.RadioButton[@resource-id="com.example.myapplication:id/radioButtonFlight"]'.</msg>
<msg timestamp="20240107 12:42:51.149" level="INFO">xpath criteria: //android.widget.RadioButton[@resource-id="com.example.myapplication:id/radioButtonFlight"]</msg>
<status status="PASS" starttime="20240107 12:42:50.829" endtime="20240107 12:42:51.150"/>
</kw>
<status status="PASS" starttime="20240107 12:42:50.828" endtime="20240107 12:42:51.150"/>
</kw>
<kw name="Toggle One Day Checkbox" library="bookPage">
<kw name="Click Element" library="AppiumLibrary">
<arg>${day_checkbox}</arg>
<doc>Click element identified by `locator`.</doc>
<msg timestamp="20240107 12:42:51.156" level="INFO">Clicking element '//android.widget.CheckBox[@resource-id="com.example.myapplication:id/checkBoxDay"]'.</msg>
<msg timestamp="20240107 12:42:52.035" level="INFO">xpath criteria: //android.widget.CheckBox[@resource-id="com.example.myapplication:id/checkBoxDay"]</msg>
<status status="PASS" starttime="20240107 12:42:51.150" endtime="20240107 12:42:52.036"/>
</kw>
<status status="PASS" starttime="20240107 12:42:51.150" endtime="20240107 12:42:52.036"/>
</kw>
<kw name="Click Book Button" library="bookPage">
<kw name="Wait Until Element Is Visible" library="AppiumLibrary">
<arg>${book_button}</arg>
<doc>Waits until element specified with `locator` is visible.</doc>
<msg timestamp="20240107 12:42:52.982" level="INFO">xpath criteria: //android.widget.Button[@resource-id="com.example.myapplication:id/book_flight"]</msg>
<status status="PASS" starttime="20240107 12:42:52.547" endtime="20240107 12:42:52.982"/>
</kw>
<kw name="Click Element" library="AppiumLibrary">
<arg>${book_button}</arg>
<doc>Click element identified by `locator`.</doc>
<msg timestamp="20240107 12:42:52.988" level="INFO">Clicking element '//android.widget.Button[@resource-id="com.example.myapplication:id/book_flight"]'.</msg>
<msg timestamp="20240107 12:42:53.325" level="INFO">xpath criteria: //android.widget.Button[@resource-id="com.example.myapplication:id/book_flight"]</msg>
<status status="PASS" starttime="20240107 12:42:52.982" endtime="20240107 12:42:53.325"/>
</kw>
<status status="PASS" starttime="20240107 12:42:52.547" endtime="20240107 12:42:53.325"/>
</kw>
<kw name="Click Price" library="bookPage">
<kw name="Wait Until Element Is Visible" library="AppiumLibrary">
<arg>${Price1}</arg>
<doc>Waits until element specified with `locator` is visible.</doc>
<msg timestamp="20240107 12:42:54.557" level="INFO">xpath criteria: //android.widget.Button[@resource-id="com.example.myapplication:id/price1"]
xpath criteria: //android.widget.Button[@resource-id="com.example.myapplication:id/price1"]</msg>
<status status="PASS" starttime="20240107 12:42:53.326" endtime="20240107 12:42:54.557"/>
</kw>
<kw name="Click Element" library="AppiumLibrary">
<arg>${Price1}</arg>
<doc>Click element identified by `locator`.</doc>
<msg timestamp="20240107 12:42:54.564" level="INFO">Clicking element '//android.widget.Button[@resource-id="com.example.myapplication:id/price1"]'.</msg>
<msg timestamp="20240107 12:42:54.913" level="INFO">xpath criteria: //android.widget.Button[@resource-id="com.example.myapplication:id/price1"]</msg>
<status status="PASS" starttime="20240107 12:42:54.557" endtime="20240107 12:42:54.913"/>
</kw>
<kw name="Click Confirm Button" library="bookPage">
<kw name="Wait Until Element Is Visible" library="AppiumLibrary">
<arg>${button_confirm}</arg>
<doc>Waits until element specified with `locator` is visible.</doc>
<msg timestamp="20240107 12:42:55.997" level="INFO">xpath criteria: //android.widget.Button[@resource-id="com.example.myapplication:id/confirm_order"]</msg>
<status status="PASS" starttime="20240107 12:42:54.914" endtime="20240107 12:42:55.997"/>
</kw>
<kw name="Click Element" library="AppiumLibrary">
<arg>${button_confirm}</arg>
<doc>Click element identified by `locator`.</doc>
<msg timestamp="20240107 12:42:56.003" level="INFO">Clicking element '//android.widget.Button[@resource-id="com.example.myapplication:id/confirm_order"]'.</msg>
<msg timestamp="20240107 12:42:56.366" level="INFO">xpath criteria: //android.widget.Button[@resource-id="com.example.myapplication:id/confirm_order"]</msg>
<status status="PASS" starttime="20240107 12:42:55.997" endtime="20240107 12:42:56.366"/>
</kw>
<status status="PASS" starttime="20240107 12:42:54.913" endtime="20240107 12:42:56.366"/>
</kw>
<status status="PASS" starttime="20240107 12:42:53.326" endtime="20240107 12:42:56.366"/>
</kw>
<kw name="Verify Success Book" library="bookPage">
<kw name="Element Should Contain Text" library="AppiumLibrary">
<arg>${TextView}</arg>
<arg>Your flight is booked</arg>
<doc>Verifies element identified by ``locator`` contains text ``expected``.</doc>
<msg timestamp="20240107 12:42:56.370" level="INFO">Verifying element '//android.widget.CheckedTextView[@resource-id="com.example.myapplication:id/checkedTextView"]' contains text 'Your flight is booked'.</msg>
<msg timestamp="20240107 12:42:57.330" level="INFO">xpath criteria: //android.widget.CheckedTextView[@resource-id="com.example.myapplication:id/checkedTextView"]</msg>
<status status="PASS" starttime="20240107 12:42:56.367" endtime="20240107 12:42:57.330"/>
</kw>
<status status="PASS" starttime="20240107 12:42:56.367" endtime="20240107 12:42:57.330"/>
</kw>
<status status="PASS" starttime="20240107 12:42:19.699" endtime="20240107 12:42:57.332"/>
</test>
<status status="PASS" starttime="20240107 12:42:18.653" endtime="20240107 12:42:57.334"/>
</suite>
<statistics>
<total>
<stat pass="1" fail="0" skip="0">All Tests</stat>
</total>
<tag>
</tag>
<suite>
<stat pass="1" fail="0" skip="0" id="s1" name="bookSuite">bookSuite</stat>
</suite>
</statistics>
<errors>
</errors>
</robot>
