<?xml version="1.0" encoding="UTF-8"?>
<robot generator="Robot 6.1.1 (Python 3.12.1 on win32)" generated="20240110 17:58:33.859" rpa="false" schemaversion="4">
<suite id="s1" name="bookSuite" source="C:\Users\Mohan\sanbercode-52-mobile\suites\bookSuite.robot">
<test id="s1-t1" name="Failed Book Flight with uncheck Flight Type" line="49">
<kw name="Run Keywords" library="BuiltIn" type="SETUP">
<arg>Open Flight Application</arg>
<doc>Executes all the given keywords in a sequence.</doc>
<kw name="Open Flight Application" library="base">
<kw name="Open Application" library="AppiumLibrary">
<arg>remote_url=${REMOTE_URL}</arg>
<arg>platformName=${PLATFORM_NAME}</arg>
<arg>platformVersion=${PLATFORM_VERSION}</arg>
<arg>deviceName=${DEVICE_NAME}</arg>
<arg>appPackage=${APP_PACKAGE}</arg>
<arg>appActivity=${APP_ACTIVITY}</arg>
<doc>Opens a new application to given Appium server.
Capabilities of appium server, Android and iOS,
Please check https://github.com/appium/appium/blob/master/docs/en/writing-running-appium/server-args.md
| *Option*            | *Man.* | *Description*     |
| remote_url          | Yes    | Appium server url |
| alias               | no     | alias             |
| strict_ssl          | No     | allows you to send commands to an invalid certificate host like a self-signed one. |</doc>
<status status="PASS" starttime="20240110 17:58:36.192" endtime="20240110 17:59:59.940"/>
</kw>
<status status="PASS" starttime="20240110 17:58:36.192" endtime="20240110 17:59:59.941"/>
</kw>
<status status="PASS" starttime="20240110 17:58:36.192" endtime="20240110 17:59:59.941"/>
</kw>
<kw name="Verify Home Page Appears" library="homePage">
<kw name="Wait Until Element Is Visible" library="AppiumLibrary">
<arg>${Logo_homePage}</arg>
<doc>Waits until element specified with `locator` is visible.</doc>
<msg timestamp="20240110 18:00:03.750" level="INFO">xpath criteria: //android.widget.ImageView[@resource-id="com.example.myapplication:id/imageView4"]</msg>
<status status="PASS" starttime="20240110 17:59:59.949" endtime="20240110 18:00:03.752"/>
</kw>
<status status="PASS" starttime="20240110 17:59:59.948" endtime="20240110 18:00:03.752"/>
</kw>
<kw name="Click Sign In Button On Home Page" library="homePage">
<kw name="Wait Until Element Is Visible" library="AppiumLibrary">
<arg>${signIn_button_homePage}</arg>
<doc>Waits until element specified with `locator` is visible.</doc>
<msg timestamp="20240110 18:00:04.117" level="INFO">xpath criteria: //android.widget.Button[@resource-id="com.example.myapplication:id/login"]</msg>
<status status="PASS" starttime="20240110 18:00:03.759" endtime="20240110 18:00:04.117"/>
</kw>
<kw name="Click Element" library="AppiumLibrary">
<arg>${signIn_button_homePage}</arg>
<doc>Click element identified by `locator`.</doc>
<msg timestamp="20240110 18:00:04.124" level="INFO">Clicking element '//android.widget.Button[@resource-id="com.example.myapplication:id/login"]'.</msg>
<msg timestamp="20240110 18:00:04.788" level="INFO">xpath criteria: //android.widget.Button[@resource-id="com.example.myapplication:id/login"]</msg>
<status status="PASS" starttime="20240110 18:00:04.119" endtime="20240110 18:00:04.788"/>
</kw>
<status status="PASS" starttime="20240110 18:00:03.758" endtime="20240110 18:00:04.789"/>
</kw>
<kw name="Verify Login Appears" library="loginPage">
<kw name="Wait Until Element Is Visible" library="AppiumLibrary">
<arg>${email_input_user}</arg>
<doc>Waits until element specified with `locator` is visible.</doc>
<msg timestamp="20240110 18:00:08.470" level="INFO">xpath criteria: //android.widget.EditText[@resource-id="com.example.myapplication:id/username"]</msg>
<status status="PASS" starttime="20240110 18:00:05.908" endtime="20240110 18:00:08.470"/>
</kw>
<kw name="Wait Until Element Is Visible" library="AppiumLibrary">
<arg>${password_input_loginPage}</arg>
<doc>Waits until element specified with `locator` is visible.</doc>
<msg timestamp="20240110 18:00:09.073" level="INFO">xpath criteria: //android.widget.EditText[@resource-id="com.example.myapplication:id/password"]</msg>
<status status="PASS" starttime="20240110 18:00:08.471" endtime="20240110 18:00:09.073"/>
</kw>
<kw name="Wait Until Element Is Visible" library="AppiumLibrary">
<arg>${signIn_button_loginPage}</arg>
<doc>Waits until element specified with `locator` is visible.</doc>
<msg timestamp="20240110 18:00:09.492" level="INFO">xpath criteria: //android.widget.Button[@resource-id="com.example.myapplication:id/signIn"]</msg>
<status status="PASS" starttime="20240110 18:00:09.073" endtime="20240110 18:00:09.493"/>
</kw>
<status status="PASS" starttime="20240110 18:00:05.907" endtime="20240110 18:00:09.493"/>
</kw>
<kw name="Login With Valid Credentials" library="loginPage">
<kw name="Input User Email On Login Page" library="loginPage">
<arg>${email}</arg>
<kw name="Wait Until Element Is Visible" library="AppiumLibrary">
<arg>${email_input_user}</arg>
<doc>Waits until element specified with `locator` is visible.</doc>
<msg timestamp="20240110 18:00:10.194" level="INFO">xpath criteria: //android.widget.EditText[@resource-id="com.example.myapplication:id/username"]</msg>
<status status="PASS" starttime="20240110 18:00:09.495" endtime="20240110 18:00:10.194"/>
</kw>
<kw name="Input Text" library="AppiumLibrary">
<arg>${email_input_user}</arg>
<arg>${email}</arg>
<doc>Types the given `text` into text field identified by `locator`.</doc>
<msg timestamp="20240110 18:00:10.198" level="INFO">Typing text 'support@ngendigital.com' into text field '//android.widget.EditText[@resource-id="com.example.myapplication:id/username"]'</msg>
<msg timestamp="20240110 18:00:10.950" level="INFO">xpath criteria: //android.widget.EditText[@resource-id="com.example.myapplication:id/username"]</msg>
<status status="PASS" starttime="20240110 18:00:10.194" endtime="20240110 18:00:10.950"/>
</kw>
<status status="PASS" starttime="20240110 18:00:09.495" endtime="20240110 18:00:10.950"/>
</kw>
<kw name="Input User Password On Login Page" library="loginPage">
<arg>${password}</arg>
<kw name="Input Text" library="AppiumLibrary">
<arg>${password_input_loginPage}</arg>
<arg>${password}</arg>
<doc>Types the given `text` into text field identified by `locator`.</doc>
<msg timestamp="20240110 18:00:10.957" level="INFO">Typing text 'abc123' into text field '//android.widget.EditText[@resource-id="com.example.myapplication:id/password"]'</msg>
<msg timestamp="20240110 18:00:11.585" level="INFO">xpath criteria: //android.widget.EditText[@resource-id="com.example.myapplication:id/password"]</msg>
<status status="PASS" starttime="20240110 18:00:10.951" endtime="20240110 18:00:11.585"/>
</kw>
<status status="PASS" starttime="20240110 18:00:10.950" endtime="20240110 18:00:11.585"/>
</kw>
<status status="PASS" starttime="20240110 18:00:09.494" endtime="20240110 18:00:11.585"/>
</kw>
<kw name="Click Sign In Button On Login Page" library="loginPage">
<kw name="Click Element" library="AppiumLibrary">
<arg>${signIn_button_loginPage}</arg>
<doc>Click element identified by `locator`.</doc>
<msg timestamp="20240110 18:00:11.877" level="INFO">Clicking element '//android.widget.Button[@resource-id="com.example.myapplication:id/signIn"]'.</msg>
<msg timestamp="20240110 18:00:12.381" level="INFO">xpath criteria: //android.widget.Button[@resource-id="com.example.myapplication:id/signIn"]</msg>
<status status="PASS" starttime="20240110 18:00:11.813" endtime="20240110 18:00:12.381"/>
</kw>
<status status="PASS" starttime="20240110 18:00:11.804" endtime="20240110 18:00:12.381"/>
</kw>
<kw name="Click book Button On Home Page" library="homePage">
<kw name="Wait Until Element Is Visible" library="AppiumLibrary">
<arg>${book_button_homePage}</arg>
<doc>Waits until element specified with `locator` is visible.</doc>
<msg timestamp="20240110 18:00:14.524" level="INFO">xpath criteria: //android.widget.Button[@resource-id="com.example.myapplication:id/book"]
xpath criteria: //android.widget.Button[@resource-id="com.example.myapplication:id/book"]</msg>
<status status="PASS" starttime="20240110 18:00:12.652" endtime="20240110 18:00:14.524"/>
</kw>
<kw name="Click Element" library="AppiumLibrary">
<arg>${book_button_homePage}</arg>
<doc>Click element identified by `locator`.</doc>
<msg timestamp="20240110 18:00:14.530" level="INFO">Clicking element '//android.widget.Button[@resource-id="com.example.myapplication:id/book"]'.</msg>
<msg timestamp="20240110 18:00:15.006" level="INFO">xpath criteria: //android.widget.Button[@resource-id="com.example.myapplication:id/book"]</msg>
<status status="PASS" starttime="20240110 18:00:14.525" endtime="20240110 18:00:15.006"/>
</kw>
<status status="PASS" starttime="20240110 18:00:12.652" endtime="20240110 18:00:15.006"/>
</kw>
<kw name="Select Tab One Way" library="bookPage">
<kw name="Wait Until Element Is Visible" library="AppiumLibrary">
<arg>${OneWay_choose}</arg>
<doc>Waits until element specified with `locator` is visible.</doc>
<msg timestamp="20240110 18:00:19.146" level="INFO">xpath criteria: //android.support.v7.app.ActionBar.Tab[@content-desc="One Way"]
xpath criteria: //android.support.v7.app.ActionBar.Tab[@content-desc="One Way"]</msg>
<status status="PASS" starttime="20240110 18:00:15.007" endtime="20240110 18:00:19.146"/>
</kw>
<kw name="Click Element" library="AppiumLibrary">
<arg>${OneWay_choose}</arg>
<doc>Click element identified by `locator`.</doc>
<msg timestamp="20240110 18:00:19.151" level="INFO">Clicking element '//android.support.v7.app.ActionBar.Tab[@content-desc="One Way"]'.</msg>
<msg timestamp="20240110 18:00:19.789" level="INFO">xpath criteria: //android.support.v7.app.ActionBar.Tab[@content-desc="One Way"]</msg>
<status status="PASS" starttime="20240110 18:00:19.147" endtime="20240110 18:00:19.789"/>
</kw>
<status status="PASS" starttime="20240110 18:00:15.007" endtime="20240110 18:00:19.789"/>
</kw>
<kw name="Select From City" library="bookPage">
<kw name="Click Element" library="AppiumLibrary">
<arg>${from_city_dropdown}</arg>
<doc>Click element identified by `locator`.</doc>
<msg timestamp="20240110 18:00:19.794" level="INFO">Clicking element '//android.widget.Spinner[@resource-id="com.example.myapplication:id/spinnerFrom"]'.</msg>
<msg timestamp="20240110 18:00:20.579" level="INFO">xpath criteria: //android.widget.Spinner[@resource-id="com.example.myapplication:id/spinnerFrom"]</msg>
<status status="PASS" starttime="20240110 18:00:19.790" endtime="20240110 18:00:20.579"/>
</kw>
<kw name="Wait Until Element Is Visible" library="AppiumLibrary">
<arg>${ListView}</arg>
<doc>Waits until element specified with `locator` is visible.</doc>
<msg timestamp="20240110 18:00:22.508" level="INFO">xpath criteria: //android.widget.ListView
xpath criteria: //android.widget.ListView</msg>
<status status="PASS" starttime="20240110 18:00:20.579" endtime="20240110 18:00:22.508"/>
</kw>
<kw name="Click Element" library="AppiumLibrary">
<arg>${New_York}</arg>
<doc>Click element identified by `locator`.</doc>
<msg timestamp="20240110 18:00:22.513" level="INFO">Clicking element '//android.widget.TextView[@resource-id="android:id/text1" and @text="New York"]'.</msg>
<msg timestamp="20240110 18:00:24.344" level="INFO">xpath criteria: //android.widget.TextView[@resource-id="android:id/text1" and @text="New York"]</msg>
<status status="PASS" starttime="20240110 18:00:22.508" endtime="20240110 18:00:24.345"/>
</kw>
<status status="PASS" starttime="20240110 18:00:19.790" endtime="20240110 18:00:24.345"/>
</kw>
<kw name="Select To City" library="bookPage">
<kw name="Wait Until Element Is Visible" library="AppiumLibrary">
<arg>${to_city_dropdown}</arg>
<doc>Waits until element specified with `locator` is visible.</doc>
<msg timestamp="20240110 18:00:25.043" level="INFO">xpath criteria: //android.widget.Spinner[@resource-id="com.example.myapplication:id/spinnerTo"]</msg>
<status status="PASS" starttime="20240110 18:00:24.456" endtime="20240110 18:00:25.043"/>
</kw>
<kw name="Wait Until Page Contains Element" library="AppiumLibrary">
<arg>${to_city_dropdown}</arg>
<doc>Waits until element specified with `locator` appears on current page.</doc>
<msg timestamp="20240110 18:00:25.579" level="INFO">xpath criteria: //android.widget.Spinner[@resource-id="com.example.myapplication:id/spinnerTo"]</msg>
<status status="PASS" starttime="20240110 18:00:25.044" endtime="20240110 18:00:25.579"/>
</kw>
<kw name="Click Element" library="AppiumLibrary">
<arg>${to_city_dropdown}</arg>
<doc>Click element identified by `locator`.</doc>
<msg timestamp="20240110 18:00:25.586" level="INFO">Clicking element '//android.widget.Spinner[@resource-id="com.example.myapplication:id/spinnerTo"]'.</msg>
<msg timestamp="20240110 18:00:26.375" level="INFO">xpath criteria: //android.widget.Spinner[@resource-id="com.example.myapplication:id/spinnerTo"]</msg>
<status status="PASS" starttime="20240110 18:00:25.580" endtime="20240110 18:00:26.376"/>
</kw>
<kw name="Wait Until Element Is Visible" library="AppiumLibrary">
<arg>${ListView}</arg>
<doc>Waits until element specified with `locator` is visible.</doc>
<msg timestamp="20240110 18:00:27.735" level="INFO">xpath criteria: //android.widget.ListView</msg>
<status status="PASS" starttime="20240110 18:00:26.376" endtime="20240110 18:00:27.735"/>
</kw>
<kw name="Click Element" library="AppiumLibrary">
<arg>${London}</arg>
<doc>Click element identified by `locator`.</doc>
<msg timestamp="20240110 18:00:27.741" level="INFO">Clicking element '//android.widget.TextView[@resource-id="android:id/text1" and @text="London"]'.</msg>
<msg timestamp="20240110 18:00:29.102" level="INFO">xpath criteria: //android.widget.TextView[@resource-id="android:id/text1" and @text="London"]</msg>
<status status="PASS" starttime="20240110 18:00:27.735" endtime="20240110 18:00:29.103"/>
</kw>
<status status="PASS" starttime="20240110 18:00:24.369" endtime="20240110 18:00:29.103"/>
</kw>
<kw name="Select Class" library="bookPage">
<kw name="Wait Until Element Is Visible" library="AppiumLibrary">
<arg>${class_dropdown}</arg>
<doc>Waits until element specified with `locator` is visible.</doc>
<msg timestamp="20240110 18:00:29.500" level="INFO">xpath criteria: //android.widget.Spinner[@resource-id="com.example.myapplication:id/spinnerClass"]</msg>
<status status="PASS" starttime="20240110 18:00:29.104" endtime="20240110 18:00:29.500"/>
</kw>
<kw name="Click Element" library="AppiumLibrary">
<arg>${class_dropdown}</arg>
<doc>Click element identified by `locator`.</doc>
<msg timestamp="20240110 18:00:29.508" level="INFO">Clicking element '//android.widget.Spinner[@resource-id="com.example.myapplication:id/spinnerClass"]'.</msg>
<msg timestamp="20240110 18:00:30.399" level="INFO">xpath criteria: //android.widget.Spinner[@resource-id="com.example.myapplication:id/spinnerClass"]</msg>
<status status="PASS" starttime="20240110 18:00:29.500" endtime="20240110 18:00:30.399"/>
</kw>
<kw name="Wait Until Element Is Visible" library="AppiumLibrary">
<arg>${ListView}</arg>
<doc>Waits until element specified with `locator` is visible.</doc>
<msg timestamp="20240110 18:00:31.961" level="INFO">xpath criteria: //android.widget.ListView
xpath criteria: //android.widget.ListView</msg>
<status status="PASS" starttime="20240110 18:00:30.399" endtime="20240110 18:00:31.962"/>
</kw>
<kw name="Click Element" library="AppiumLibrary">
<arg>${First}</arg>
<doc>Click element identified by `locator`.</doc>
<msg timestamp="20240110 18:00:31.969" level="INFO">Clicking element '//android.widget.TextView[@resource-id="android:id/text1" and @text="First"]'.</msg>
<msg timestamp="20240110 18:00:33.211" level="INFO">xpath criteria: //android.widget.TextView[@resource-id="android:id/text1" and @text="First"]</msg>
<status status="PASS" starttime="20240110 18:00:31.962" endtime="20240110 18:00:33.211"/>
</kw>
<status status="PASS" starttime="20240110 18:00:29.103" endtime="20240110 18:00:33.211"/>
</kw>
<kw name="Set Start Date" library="bookPage">
<kw name="Wait Until Element Is Visible" library="AppiumLibrary">
<arg>${start_date}</arg>
<doc>Waits until element specified with `locator` is visible.</doc>
<msg timestamp="20240110 18:00:33.698" level="INFO">xpath criteria: //android.widget.TextView[@resource-id="com.example.myapplication:id/textStartDate"]</msg>
<status status="PASS" starttime="20240110 18:00:33.219" endtime="20240110 18:00:33.698"/>
</kw>
<kw name="Click Element" library="AppiumLibrary">
<arg>${start_date}</arg>
<doc>Click element identified by `locator`.</doc>
<msg timestamp="20240110 18:00:33.704" level="INFO">Clicking element '//android.widget.TextView[@resource-id="com.example.myapplication:id/textStartDate"]'.</msg>
<msg timestamp="20240110 18:00:34.148" level="INFO">xpath criteria: //android.widget.TextView[@resource-id="com.example.myapplication:id/textStartDate"]</msg>
<status status="PASS" starttime="20240110 18:00:33.698" endtime="20240110 18:00:34.148"/>
</kw>
<kw name="Wait Until Element Is Visible" library="AppiumLibrary">
<arg>${01August}</arg>
<doc>Waits until element specified with `locator` is visible.</doc>
<msg timestamp="20240110 18:00:37.519" level="INFO">xpath criteria: //android.view.View[@content-desc="01 August 2019"]
xpath criteria: //android.view.View[@content-desc="01 August 2019"]</msg>
<status status="PASS" starttime="20240110 18:00:34.149" endtime="20240110 18:00:37.519"/>
</kw>
<kw name="Click Element" library="AppiumLibrary">
<arg>${01August}</arg>
<doc>Click element identified by `locator`.</doc>
<msg timestamp="20240110 18:00:37.526" level="INFO">Clicking element '//android.view.View[@content-desc="01 August 2019"]'.</msg>
<msg timestamp="20240110 18:00:38.589" level="INFO">xpath criteria: //android.view.View[@content-desc="01 August 2019"]</msg>
<status status="PASS" starttime="20240110 18:00:37.520" endtime="20240110 18:00:38.589"/>
</kw>
<kw name="Click Element" library="AppiumLibrary">
<arg>${Ok_button}</arg>
<doc>Click element identified by `locator`.</doc>
<msg timestamp="20240110 18:00:38.593" level="INFO">Clicking element '//android.widget.Button[@resource-id="android:id/button1"]'.</msg>
<msg timestamp="20240110 18:00:39.186" level="INFO">xpath criteria: //android.widget.Button[@resource-id="android:id/button1"]</msg>
<status status="PASS" starttime="20240110 18:00:38.590" endtime="20240110 18:00:39.187"/>
</kw>
<status status="PASS" starttime="20240110 18:00:33.218" endtime="20240110 18:00:39.187"/>
</kw>
<kw name="Set End Date" library="bookPage">
<kw name="Wait Until Element Is Visible" library="AppiumLibrary">
<arg>${end_date}</arg>
<doc>Waits until element specified with `locator` is visible.</doc>
<msg timestamp="20240110 18:00:40.206" level="INFO">xpath criteria: //android.widget.TextView[@resource-id="com.example.myapplication:id/textEndDate"]</msg>
<status status="PASS" starttime="20240110 18:00:39.188" endtime="20240110 18:00:40.206"/>
</kw>
<kw name="Click Element" library="AppiumLibrary">
<arg>${end_date}</arg>
<doc>Click element identified by `locator`.</doc>
<msg timestamp="20240110 18:00:40.213" level="INFO">Clicking element '//android.widget.TextView[@resource-id="com.example.myapplication:id/textEndDate"]'.</msg>
<msg timestamp="20240110 18:00:40.713" level="INFO">xpath criteria: //android.widget.TextView[@resource-id="com.example.myapplication:id/textEndDate"]</msg>
<status status="PASS" starttime="20240110 18:00:40.206" endtime="20240110 18:00:40.713"/>
</kw>
<kw name="Wait Until Element Is Visible" library="AppiumLibrary">
<arg>${02August}</arg>
<doc>Waits until element specified with `locator` is visible.</doc>
<msg timestamp="20240110 18:00:42.082" level="INFO">xpath criteria: //android.view.View[@content-desc="02 August 2019"]</msg>
<status status="PASS" starttime="20240110 18:00:40.713" endtime="20240110 18:00:42.082"/>
</kw>
<kw name="Click Element" library="AppiumLibrary">
<arg>${02August}</arg>
<doc>Click element identified by `locator`.</doc>
<msg timestamp="20240110 18:00:42.087" level="INFO">Clicking element '//android.view.View[@content-desc="02 August 2019"]'.</msg>
<msg timestamp="20240110 18:00:43.269" level="INFO">xpath criteria: //android.view.View[@content-desc="02 August 2019"]</msg>
<status status="PASS" starttime="20240110 18:00:42.082" endtime="20240110 18:00:43.269"/>
</kw>
<kw name="Click Element" library="AppiumLibrary">
<arg>${Ok_button}</arg>
<doc>Click element identified by `locator`.</doc>
<msg timestamp="20240110 18:00:43.275" level="INFO">Clicking element '//android.widget.Button[@resource-id="android:id/button1"]'.</msg>
<msg timestamp="20240110 18:00:44.105" level="INFO">xpath criteria: //android.widget.Button[@resource-id="android:id/button1"]</msg>
<status status="PASS" starttime="20240110 18:00:43.270" endtime="20240110 18:00:44.105"/>
</kw>
<status status="PASS" starttime="20240110 18:00:39.187" endtime="20240110 18:00:44.105"/>
</kw>
<kw name="Toggle One Day Checkbox" library="bookPage">
<kw name="Click Element" library="AppiumLibrary">
<arg>${day_checkbox}</arg>
<doc>Click element identified by `locator`.</doc>
<msg timestamp="20240110 18:00:44.341" level="INFO">Clicking element '//android.widget.CheckBox[@resource-id="com.example.myapplication:id/checkBoxDay"]'.</msg>
<msg timestamp="20240110 18:00:45.032" level="INFO">xpath criteria: //android.widget.CheckBox[@resource-id="com.example.myapplication:id/checkBoxDay"]</msg>
<status status="PASS" starttime="20240110 18:00:44.335" endtime="20240110 18:00:45.032"/>
</kw>
<status status="PASS" starttime="20240110 18:00:44.334" endtime="20240110 18:00:45.032"/>
</kw>
<kw name="Click Book Button" library="bookPage">
<kw name="Wait Until Element Is Visible" library="AppiumLibrary">
<arg>${book_button}</arg>
<doc>Waits until element specified with `locator` is visible.</doc>
<msg timestamp="20240110 18:00:45.863" level="INFO">xpath criteria: //android.widget.Button[@resource-id="com.example.myapplication:id/book_flight"]</msg>
<status status="PASS" starttime="20240110 18:00:45.033" endtime="20240110 18:00:45.863"/>
</kw>
<kw name="Click Element" library="AppiumLibrary">
<arg>${book_button}</arg>
<doc>Click element identified by `locator`.</doc>
<msg timestamp="20240110 18:00:45.867" level="INFO">Clicking element '//android.widget.Button[@resource-id="com.example.myapplication:id/book_flight"]'.</msg>
<msg timestamp="20240110 18:00:48.553" level="INFO">xpath criteria: //android.widget.Button[@resource-id="com.example.myapplication:id/book_flight"]</msg>
<status status="PASS" starttime="20240110 18:00:45.863" endtime="20240110 18:00:48.553"/>
</kw>
<status status="PASS" starttime="20240110 18:00:45.032" endtime="20240110 18:00:48.553"/>
</kw>
<kw name="Click Price" library="bookPage">
<kw name="Wait Until Element Is Visible" library="AppiumLibrary">
<arg>${Price1}</arg>
<doc>Waits until element specified with `locator` is visible.</doc>
<msg timestamp="20240110 18:00:49.299" level="INFO">xpath criteria: //android.widget.Button[@resource-id="com.example.myapplication:id/price1"]</msg>
<status status="PASS" starttime="20240110 18:00:48.554" endtime="20240110 18:00:49.299"/>
</kw>
<kw name="Click Element" library="AppiumLibrary">
<arg>${Price1}</arg>
<doc>Click element identified by `locator`.</doc>
<msg timestamp="20240110 18:00:49.309" level="INFO">Clicking element '//android.widget.Button[@resource-id="com.example.myapplication:id/price1"]'.</msg>
<msg timestamp="20240110 18:00:49.757" level="INFO">xpath criteria: //android.widget.Button[@resource-id="com.example.myapplication:id/price1"]</msg>
<status status="PASS" starttime="20240110 18:00:49.299" endtime="20240110 18:00:49.757"/>
</kw>
<kw name="Click Confirm Button" library="bookPage">
<kw name="Wait Until Element Is Visible" library="AppiumLibrary">
<arg>${button_confirm}</arg>
<doc>Waits until element specified with `locator` is visible.</doc>
<msg timestamp="20240110 18:00:50.633" level="INFO">xpath criteria: //android.widget.Button[@resource-id="com.example.myapplication:id/confirm_order"]</msg>
<status status="PASS" starttime="20240110 18:00:49.758" endtime="20240110 18:00:50.634"/>
</kw>
<kw name="Click Element" library="AppiumLibrary">
<arg>${button_confirm}</arg>
<doc>Click element identified by `locator`.</doc>
<msg timestamp="20240110 18:00:50.640" level="INFO">Clicking element '//android.widget.Button[@resource-id="com.example.myapplication:id/confirm_order"]'.</msg>
<msg timestamp="20240110 18:00:51.956" level="INFO">xpath criteria: //android.widget.Button[@resource-id="com.example.myapplication:id/confirm_order"]</msg>
<status status="PASS" starttime="20240110 18:00:50.634" endtime="20240110 18:00:51.956"/>
</kw>
<status status="PASS" starttime="20240110 18:00:49.758" endtime="20240110 18:00:51.956"/>
</kw>
<status status="PASS" starttime="20240110 18:00:48.554" endtime="20240110 18:00:51.956"/>
</kw>
<kw name="Verify Success Book" library="bookPage">
<kw name="Wait Until Element Is Visible" library="AppiumLibrary">
<arg>${TextView}</arg>
<doc>Waits until element specified with `locator` is visible.</doc>
<msg timestamp="20240110 18:00:54.325" level="INFO">xpath criteria: //android.widget.CheckedTextView[@resource-id="com.example.myapplication:id/checkedTextView"]
xpath criteria: //android.widget.CheckedTextView[@resource-id="com.example.myapplication:id/checkedTextView"]</msg>
<status status="PASS" starttime="20240110 18:00:52.565" endtime="20240110 18:00:54.325"/>
</kw>
<kw name="Element Should Contain Text" library="AppiumLibrary">
<arg>${TextView}</arg>
<arg>Your flight is booked</arg>
<doc>Verifies element identified by ``locator`` contains text ``expected``.</doc>
<msg timestamp="20240110 18:00:54.330" level="INFO">Verifying element '//android.widget.CheckedTextView[@resource-id="com.example.myapplication:id/checkedTextView"]' contains text 'Your flight is booked'.</msg>
<msg timestamp="20240110 18:00:54.926" level="INFO">xpath criteria: //android.widget.CheckedTextView[@resource-id="com.example.myapplication:id/checkedTextView"]</msg>
<status status="PASS" starttime="20240110 18:00:54.325" endtime="20240110 18:00:54.926"/>
</kw>
<status status="PASS" starttime="20240110 18:00:52.564" endtime="20240110 18:00:54.926"/>
</kw>
<status status="PASS" starttime="20240110 17:58:36.167" endtime="20240110 18:00:54.927"/>
</test>
<status status="PASS" starttime="20240110 17:58:33.870" endtime="20240110 18:00:54.928"/>
</suite>
<statistics>
<total>
<stat pass="1" fail="0" skip="0">All Tests</stat>
</total>
<tag>
</tag>
<suite>
<stat pass="1" fail="0" skip="0" id="s1" name="bookSuite">bookSuite</stat>
</suite>
</statistics>
<errors>
</errors>
</robot>
